=== Context Window Log - Started 2026-03-10T23:49:26.788Z ===


================================================================================
SESSION: 8b26ee59-2875-4230-872b-f286279f19f6
TIMESTAMP: 2026-03-10T23:49:30.668Z
TOTAL MESSAGES: 4
================================================================================

{
  "system": [
    {
      "type": "text",
      "text": ""
    }
  ],
  "tools": [
    {
      "name": "listDirectory",
      "description": "List files in a directory",
      "parameters": {
        "$schema": "http://json-schema.org/draft-07/schema#",
        "type": "object",
        "properties": {
          "path": {
            "type": "string",
            "description": "Directory path to list"
          }
        },
        "required": [
          "path"
        ],
        "additionalProperties": false
      }
    },
    {
      "name": "readFile",
      "description": "Read contents of a file",
      "parameters": {
        "$schema": "http://json-schema.org/draft-07/schema#",
        "type": "object",
        "properties": {
          "path": {
            "type": "string",
            "description": "File path to read"
          }
        },
        "required": [
          "path"
        ],
        "additionalProperties": false
      }
    },
    {
      "name": "createFile",
      "description": "Create a new file with content",
      "parameters": {
        "$schema": "http://json-schema.org/draft-07/schema#",
        "type": "object",
        "properties": {
          "path": {
            "type": "string",
            "description": "File path to create"
          },
          "content": {
            "type": "string",
            "description": "Content to write"
          }
        },
        "required": [
          "path",
          "content"
        ],
        "additionalProperties": false
      }
    },
    {
      "name": "editFile",
      "description": "Edit an existing file by replacing old content with new content",
      "parameters": {
        "$schema": "http://json-schema.org/draft-07/schema#",
        "type": "object",
        "properties": {
          "path": {
            "type": "string",
            "description": "File path to edit"
          },
          "oldContent": {
            "type": "string",
            "description": "Content to replace"
          },
          "newContent": {
            "type": "string",
            "description": "New content"
          }
        },
        "required": [
          "path",
          "oldContent",
          "newContent"
        ],
        "additionalProperties": false
      }
    },
    {
      "name": "bash",
      "description": "Execute a bash command and return stdout, stderr, and exit code. Use this to run tests, builds, git commands, or verify results.",
      "parameters": {
        "$schema": "http://json-schema.org/draft-07/schema#",
        "type": "object",
        "properties": {
          "command": {
            "type": "string",
            "description": "The bash command to execute"
          },
          "cwd": {
            "description": "Working directory (defaults to current directory)",
            "type": "string"
          },
          "timeout": {
            "description": "Timeout in milliseconds (defaults to 30000)",
            "type": "number"
          }
        },
        "required": [
          "command"
        ],
        "additionalProperties": false
      }
    }
  ],
  "messages": [
    {
      "role": "system",
      "content": [
        {
          "type": "text",
          "text": ""
        }
      ]
    },
    {
      "role": "user",
      "content": "fix the file hello world"
    },
    {
      "role": "assistant",
      "content": [
        {
          "type": "tool-call",
          "toolCallId": "call_35626494",
          "toolName": "listDirectory",
          "input": {
            "path": "."
          }
        }
      ]
    },
    {
      "role": "tool",
      "content": [
        {
          "type": "tool-result",
          "toolCallId": "call_35626494",
          "toolName": "listDirectory",
          "output": "main_2.ts\ntools\nmain_3.ts\ncontext.log\nnode_modules\nlogger.ts\npackage-lock.json\npackage.json\nhelloWorld.js\n.env\ntsconfig.json\nmain_4.ts\nmain_5.ts\nmain_1.ts"
        }
      ]
    }
  ]
}

================================================================================

================================================================================
SESSION: 8b26ee59-2875-4230-872b-f286279f19f6
TIMESTAMP: 2026-03-10T23:49:31.591Z
TOTAL MESSAGES: 6
================================================================================

{
  "system": [
    {
      "type": "text",
      "text": ""
    }
  ],
  "tools": [
    {
      "name": "listDirectory",
      "description": "List files in a directory",
      "parameters": {
        "$schema": "http://json-schema.org/draft-07/schema#",
        "type": "object",
        "properties": {
          "path": {
            "type": "string",
            "description": "Directory path to list"
          }
        },
        "required": [
          "path"
        ],
        "additionalProperties": false
      }
    },
    {
      "name": "readFile",
      "description": "Read contents of a file",
      "parameters": {
        "$schema": "http://json-schema.org/draft-07/schema#",
        "type": "object",
        "properties": {
          "path": {
            "type": "string",
            "description": "File path to read"
          }
        },
        "required": [
          "path"
        ],
        "additionalProperties": false
      }
    },
    {
      "name": "createFile",
      "description": "Create a new file with content",
      "parameters": {
        "$schema": "http://json-schema.org/draft-07/schema#",
        "type": "object",
        "properties": {
          "path": {
            "type": "string",
            "description": "File path to create"
          },
          "content": {
            "type": "string",
            "description": "Content to write"
          }
        },
        "required": [
          "path",
          "content"
        ],
        "additionalProperties": false
      }
    },
    {
      "name": "editFile",
      "description": "Edit an existing file by replacing old content with new content",
      "parameters": {
        "$schema": "http://json-schema.org/draft-07/schema#",
        "type": "object",
        "properties": {
          "path": {
            "type": "string",
            "description": "File path to edit"
          },
          "oldContent": {
            "type": "string",
            "description": "Content to replace"
          },
          "newContent": {
            "type": "string",
            "description": "New content"
          }
        },
        "required": [
          "path",
          "oldContent",
          "newContent"
        ],
        "additionalProperties": false
      }
    },
    {
      "name": "bash",
      "description": "Execute a bash command and return stdout, stderr, and exit code. Use this to run tests, builds, git commands, or verify results.",
      "parameters": {
        "$schema": "http://json-schema.org/draft-07/schema#",
        "type": "object",
        "properties": {
          "command": {
            "type": "string",
            "description": "The bash command to execute"
          },
          "cwd": {
            "description": "Working directory (defaults to current directory)",
            "type": "string"
          },
          "timeout": {
            "description": "Timeout in milliseconds (defaults to 30000)",
            "type": "number"
          }
        },
        "required": [
          "command"
        ],
        "additionalProperties": false
      }
    }
  ],
  "messages": [
    {
      "role": "system",
      "content": [
        {
          "type": "text",
          "text": ""
        }
      ]
    },
    {
      "role": "user",
      "content": "fix the file hello world"
    },
    {
      "role": "assistant",
      "content": [
        {
          "type": "tool-call",
          "toolCallId": "call_35626494",
          "toolName": "listDirectory",
          "input": {
            "path": "."
          }
        }
      ]
    },
    {
      "role": "tool",
      "content": [
        {
          "type": "tool-result",
          "toolCallId": "call_35626494",
          "output": "main_2.ts\ntools\nmain_3.ts\ncontext.log\nnode_modules\nlogger.ts\npackage-lock.json\npackage.json\nhelloWorld.js\n.env\ntsconfig.json\nmain_4.ts\nmain_5.ts\nmain_1.ts"
        }
      ]
    },
    {
      "role": "assistant",
      "content": [
        {
          "type": "tool-call",
          "toolCallId": "call_66390986",
          "toolName": "readFile",
          "input": {
            "path": "helloWorld.js"
          }
        }
      ]
    },
    {
      "role": "tool",
      "content": [
        {
          "type": "tool-result",
          "toolCallId": "call_66390986",
          "toolName": "readFile",
          "output": "const msg = \"Hello World\";\nconsole.log(message);"
        }
      ]
    }
  ]
}

================================================================================

================================================================================
SESSION: 8b26ee59-2875-4230-872b-f286279f19f6
TIMESTAMP: 2026-03-10T23:49:33.783Z
TOTAL MESSAGES: 8
================================================================================

{
  "system": [
    {
      "type": "text",
      "text": ""
    }
  ],
  "tools": [
    {
      "name": "listDirectory",
      "description": "List files in a directory",
      "parameters": {
        "$schema": "http://json-schema.org/draft-07/schema#",
        "type": "object",
        "properties": {
          "path": {
            "type": "string",
            "description": "Directory path to list"
          }
        },
        "required": [
          "path"
        ],
        "additionalProperties": false
      }
    },
    {
      "name": "readFile",
      "description": "Read contents of a file",
      "parameters": {
        "$schema": "http://json-schema.org/draft-07/schema#",
        "type": "object",
        "properties": {
          "path": {
            "type": "string",
            "description": "File path to read"
          }
        },
        "required": [
          "path"
        ],
        "additionalProperties": false
      }
    },
    {
      "name": "createFile",
      "description": "Create a new file with content",
      "parameters": {
        "$schema": "http://json-schema.org/draft-07/schema#",
        "type": "object",
        "properties": {
          "path": {
            "type": "string",
            "description": "File path to create"
          },
          "content": {
            "type": "string",
            "description": "Content to write"
          }
        },
        "required": [
          "path",
          "content"
        ],
        "additionalProperties": false
      }
    },
    {
      "name": "editFile",
      "description": "Edit an existing file by replacing old content with new content",
      "parameters": {
        "$schema": "http://json-schema.org/draft-07/schema#",
        "type": "object",
        "properties": {
          "path": {
            "type": "string",
            "description": "File path to edit"
          },
          "oldContent": {
            "type": "string",
            "description": "Content to replace"
          },
          "newContent": {
            "type": "string",
            "description": "New content"
          }
        },
        "required": [
          "path",
          "oldContent",
          "newContent"
        ],
        "additionalProperties": false
      }
    },
    {
      "name": "bash",
      "description": "Execute a bash command and return stdout, stderr, and exit code. Use this to run tests, builds, git commands, or verify results.",
      "parameters": {
        "$schema": "http://json-schema.org/draft-07/schema#",
        "type": "object",
        "properties": {
          "command": {
            "type": "string",
            "description": "The bash command to execute"
          },
          "cwd": {
            "description": "Working directory (defaults to current directory)",
            "type": "string"
          },
          "timeout": {
            "description": "Timeout in milliseconds (defaults to 30000)",
            "type": "number"
          }
        },
        "required": [
          "command"
        ],
        "additionalProperties": false
      }
    }
  ],
  "messages": [
    {
      "role": "system",
      "content": [
        {
          "type": "text",
          "text": ""
        }
      ]
    },
    {
      "role": "user",
      "content": "fix the file hello world"
    },
    {
      "role": "assistant",
      "content": [
        {
          "type": "tool-call",
          "toolCallId": "call_35626494",
          "toolName": "listDirectory",
          "input": {
            "path": "."
          }
        }
      ]
    },
    {
      "role": "tool",
      "content": [
        {
          "type": "tool-result",
          "toolCallId": "call_35626494",
          "output": "main_2.ts\ntools\nmain_3.ts\ncontext.log\nnode_modules\nlogger.ts\npackage-lock.json\npackage.json\nhelloWorld.js\n.env\ntsconfig.json\nmain_4.ts\nmain_5.ts\nmain_1.ts"
        }
      ]
    },
    {
      "role": "assistant",
      "content": [
        {
          "type": "tool-call",
          "toolCallId": "call_66390986",
          "toolName": "readFile",
          "input": {
            "path": "helloWorld.js"
          }
        }
      ]
    },
    {
      "role": "tool",
      "content": [
        {
          "type": "tool-result",
          "toolCallId": "call_66390986",
          "output": "const msg = \"Hello World\";\nconsole.log(message);"
        }
      ]
    },
    {
      "role": "assistant",
      "content": [
        {
          "type": "tool-call",
          "toolCallId": "call_06624542",
          "toolName": "editFile",
          "input": {
            "path": "helloWorld.js",
            "oldContent": "const msg = \"Hello World\";\nconsole.log(message);",
            "newContent": "const msg = \"Hello World\";\nconsole.log(msg);"
          }
        }
      ]
    },
    {
      "role": "tool",
      "content": [
        {
          "type": "tool-result",
          "toolCallId": "call_06624542",
          "toolName": "editFile",
          "output": "File edited: helloWorld.js"
        }
      ]
    }
  ]
}

================================================================================

================================================================================
SESSION: 8b26ee59-2875-4230-872b-f286279f19f6
TIMESTAMP: 2026-03-10T23:49:35.664Z
TOTAL MESSAGES: 10
================================================================================

{
  "system": [
    {
      "type": "text",
      "text": ""
    }
  ],
  "tools": [
    {
      "name": "listDirectory",
      "description": "List files in a directory",
      "parameters": {
        "$schema": "http://json-schema.org/draft-07/schema#",
        "type": "object",
        "properties": {
          "path": {
            "type": "string",
            "description": "Directory path to list"
          }
        },
        "required": [
          "path"
        ],
        "additionalProperties": false
      }
    },
    {
      "name": "readFile",
      "description": "Read contents of a file",
      "parameters": {
        "$schema": "http://json-schema.org/draft-07/schema#",
        "type": "object",
        "properties": {
          "path": {
            "type": "string",
            "description": "File path to read"
          }
        },
        "required": [
          "path"
        ],
        "additionalProperties": false
      }
    },
    {
      "name": "createFile",
      "description": "Create a new file with content",
      "parameters": {
        "$schema": "http://json-schema.org/draft-07/schema#",
        "type": "object",
        "properties": {
          "path": {
            "type": "string",
            "description": "File path to create"
          },
          "content": {
            "type": "string",
            "description": "Content to write"
          }
        },
        "required": [
          "path",
          "content"
        ],
        "additionalProperties": false
      }
    },
    {
      "name": "editFile",
      "description": "Edit an existing file by replacing old content with new content",
      "parameters": {
        "$schema": "http://json-schema.org/draft-07/schema#",
        "type": "object",
        "properties": {
          "path": {
            "type": "string",
            "description": "File path to edit"
          },
          "oldContent": {
            "type": "string",
            "description": "Content to replace"
          },
          "newContent": {
            "type": "string",
            "description": "New content"
          }
        },
        "required": [
          "path",
          "oldContent",
          "newContent"
        ],
        "additionalProperties": false
      }
    },
    {
      "name": "bash",
      "description": "Execute a bash command and return stdout, stderr, and exit code. Use this to run tests, builds, git commands, or verify results.",
      "parameters": {
        "$schema": "http://json-schema.org/draft-07/schema#",
        "type": "object",
        "properties": {
          "command": {
            "type": "string",
            "description": "The bash command to execute"
          },
          "cwd": {
            "description": "Working directory (defaults to current directory)",
            "type": "string"
          },
          "timeout": {
            "description": "Timeout in milliseconds (defaults to 30000)",
            "type": "number"
          }
        },
        "required": [
          "command"
        ],
        "additionalProperties": false
      }
    }
  ],
  "messages": [
    {
      "role": "system",
      "content": [
        {
          "type": "text",
          "text": ""
        }
      ]
    },
    {
      "role": "user",
      "content": "fix the file hello world"
    },
    {
      "role": "assistant",
      "content": [
        {
          "type": "tool-call",
          "toolCallId": "call_35626494",
          "toolName": "listDirectory",
          "input": {
            "path": "."
          }
        }
      ]
    },
    {
      "role": "tool",
      "content": [
        {
          "type": "tool-result",
          "toolCallId": "call_35626494",
          "output": "main_2.ts\ntools\nmain_3.ts\ncontext.log\nnode_modules\nlogger.ts\npackage-lock.json\npackage.json\nhelloWorld.js\n.env\ntsconfig.json\nmain_4.ts\nmain_5.ts\nmain_1.ts"
        }
      ]
    },
    {
      "role": "assistant",
      "content": [
        {
          "type": "tool-call",
          "toolCallId": "call_66390986",
          "toolName": "readFile",
          "input": {
            "path": "helloWorld.js"
          }
        }
      ]
    },
    {
      "role": "tool",
      "content": [
        {
          "type": "tool-result",
          "toolCallId": "call_66390986",
          "output": "const msg = \"Hello World\";\nconsole.log(message);"
        }
      ]
    },
    {
      "role": "assistant",
      "content": [
        {
          "type": "tool-call",
          "toolCallId": "call_06624542",
          "toolName": "editFile",
          "input": {
            "path": "helloWorld.js",
            "oldContent": "const msg = \"Hello World\";\nconsole.log(message);",
            "newContent": "const msg = \"Hello World\";\nconsole.log(msg);"
          }
        }
      ]
    },
    {
      "role": "tool",
      "content": [
        {
          "type": "tool-result",
          "toolCallId": "call_06624542",
          "output": "File edited: helloWorld.js"
        }
      ]
    },
    {
      "role": "assistant",
      "content": [
        {
          "type": "tool-call",
          "toolCallId": "call_68216229",
          "toolName": "bash",
          "input": {
            "command": "node helloWorld.js"
          }
        }
      ]
    },
    {
      "role": "tool",
      "content": [
        {
          "type": "tool-result",
          "toolCallId": "call_68216229",
          "toolName": "bash",
          "output": "Exit Code: 0\nSuccess: true\n--- STDOUT ---\nHello World\n--- STDERR ---\n(empty)"
        }
      ]
    }
  ]
}

================================================================================

================================================================================
SESSION: 8b26ee59-2875-4230-872b-f286279f19f6
TIMESTAMP: 2026-03-10T23:49:37.224Z
TOTAL MESSAGES: 11
================================================================================

{
  "system": [
    {
      "type": "text",
      "text": ""
    }
  ],
  "tools": [
    {
      "name": "listDirectory",
      "description": "List files in a directory",
      "parameters": {
        "$schema": "http://json-schema.org/draft-07/schema#",
        "type": "object",
        "properties": {
          "path": {
            "type": "string",
            "description": "Directory path to list"
          }
        },
        "required": [
          "path"
        ],
        "additionalProperties": false
      }
    },
    {
      "name": "readFile",
      "description": "Read contents of a file",
      "parameters": {
        "$schema": "http://json-schema.org/draft-07/schema#",
        "type": "object",
        "properties": {
          "path": {
            "type": "string",
            "description": "File path to read"
          }
        },
        "required": [
          "path"
        ],
        "additionalProperties": false
      }
    },
    {
      "name": "createFile",
      "description": "Create a new file with content",
      "parameters": {
        "$schema": "http://json-schema.org/draft-07/schema#",
        "type": "object",
        "properties": {
          "path": {
            "type": "string",
            "description": "File path to create"
          },
          "content": {
            "type": "string",
            "description": "Content to write"
          }
        },
        "required": [
          "path",
          "content"
        ],
        "additionalProperties": false
      }
    },
    {
      "name": "editFile",
      "description": "Edit an existing file by replacing old content with new content",
      "parameters": {
        "$schema": "http://json-schema.org/draft-07/schema#",
        "type": "object",
        "properties": {
          "path": {
            "type": "string",
            "description": "File path to edit"
          },
          "oldContent": {
            "type": "string",
            "description": "Content to replace"
          },
          "newContent": {
            "type": "string",
            "description": "New content"
          }
        },
        "required": [
          "path",
          "oldContent",
          "newContent"
        ],
        "additionalProperties": false
      }
    },
    {
      "name": "bash",
      "description": "Execute a bash command and return stdout, stderr, and exit code. Use this to run tests, builds, git commands, or verify results.",
      "parameters": {
        "$schema": "http://json-schema.org/draft-07/schema#",
        "type": "object",
        "properties": {
          "command": {
            "type": "string",
            "description": "The bash command to execute"
          },
          "cwd": {
            "description": "Working directory (defaults to current directory)",
            "type": "string"
          },
          "timeout": {
            "description": "Timeout in milliseconds (defaults to 30000)",
            "type": "number"
          }
        },
        "required": [
          "command"
        ],
        "additionalProperties": false
      }
    }
  ],
  "messages": [
    {
      "role": "system",
      "content": [
        {
          "type": "text",
          "text": ""
        }
      ]
    },
    {
      "role": "user",
      "content": "fix the file hello world"
    },
    {
      "role": "assistant",
      "content": [
        {
          "type": "tool-call",
          "toolCallId": "call_35626494",
          "toolName": "listDirectory",
          "input": {
            "path": "."
          }
        }
      ]
    },
    {
      "role": "tool",
      "content": [
        {
          "type": "tool-result",
          "toolCallId": "call_35626494",
          "output": "main_2.ts\ntools\nmain_3.ts\ncontext.log\nnode_modules\nlogger.ts\npackage-lock.json\npackage.json\nhelloWorld.js\n.env\ntsconfig.json\nmain_4.ts\nmain_5.ts\nmain_1.ts"
        }
      ]
    },
    {
      "role": "assistant",
      "content": [
        {
          "type": "tool-call",
          "toolCallId": "call_66390986",
          "toolName": "readFile",
          "input": {
            "path": "helloWorld.js"
          }
        }
      ]
    },
    {
      "role": "tool",
      "content": [
        {
          "type": "tool-result",
          "toolCallId": "call_66390986",
          "output": "const msg = \"Hello World\";\nconsole.log(message);"
        }
      ]
    },
    {
      "role": "assistant",
      "content": [
        {
          "type": "tool-call",
          "toolCallId": "call_06624542",
          "toolName": "editFile",
          "input": {
            "path": "helloWorld.js",
            "oldContent": "const msg = \"Hello World\";\nconsole.log(message);",
            "newContent": "const msg = \"Hello World\";\nconsole.log(msg);"
          }
        }
      ]
    },
    {
      "role": "tool",
      "content": [
        {
          "type": "tool-result",
          "toolCallId": "call_06624542",
          "output": "File edited: helloWorld.js"
        }
      ]
    },
    {
      "role": "assistant",
      "content": [
        {
          "type": "tool-call",
          "toolCallId": "call_68216229",
          "toolName": "bash",
          "input": {
            "command": "node helloWorld.js"
          }
        }
      ]
    },
    {
      "role": "tool",
      "content": [
        {
          "type": "tool-result",
          "toolCallId": "call_68216229",
          "output": "Exit Code: 0\nSuccess: true\n--- STDOUT ---\nHello World\n--- STDERR ---\n(empty)"
        }
      ]
    },
    {
      "role": "assistant",
      "content": [
        {
          "type": "text",
          "text": "The `helloWorld.js` file has been fixed (undefined variable corrected). It now prints \"Hello World\" correctly when run with `node helloWorld.js`."
        }
      ]
    }
  ]
}

================================================================================

